<?xml version="1.0" encoding="UTF-8"?>
<!-- Generated by org.testng.reporters.JUnitReportReporter -->
<testsuite skipped="0" hostname="DESKTOP-0FJT81L" name="com.pob1.qa.testcases.Page1Test" tests="8" failures="0" timestamp="02 Jul 2019 05:36:34 GMT" time="48.016" errors="0">
  <testcase name="page1getTitleTest" time="6.226" classname="com.pob1.qa.testcases.Page1Test"/>
  <testcase name="headerButtonEnabledTest" time="4.955" classname="com.pob1.qa.testcases.Page1Test"/>
  <testcase name="headerButtonDisplayedTest" time="5.669" classname="com.pob1.qa.testcases.Page1Test"/>
  <testcase name="homeTextisPresentTest" time="5.315" classname="com.pob1.qa.testcases.Page1Test"/>
  <testcase name="altTextoftheGraphicTest" time="9.511" classname="com.pob1.qa.testcases.Page1Test"/>
  <testcase name="continueButtonDisplayedTest" time="5.341" classname="com.pob1.qa.testcases.Page1Test"/>
  <testcase name="continueButtonEnabledTest" time="5.729" classname="com.pob1.qa.testcases.Page1Test"/>
  <testcase name="continueNextPageTest" time="5.270" classname="com.pob1.qa.testcases.Page1Test"/>
</testsuite> <!-- com.pob1.qa.testcases.Page1Test -->
