<?xml version="1.0" encoding="UTF-8"?>
<!-- Generated by org.testng.reporters.JUnitReportReporter -->
<testsuite skipped="0" hostname="DESKTOP-0FJT81L" name="com.pob1.qa.testcases.Page3Test" tests="1" failures="0" timestamp="03 Jul 2019 05:31:10 GMT" time="8.446" errors="0">
  <testcase name="page2continueNextPageTest" time="8.446" classname="com.pob1.qa.testcases.Page3Test"/>
</testsuite> <!-- com.pob1.qa.testcases.Page3Test -->
