<?xml version="1.0" encoding="UTF-8"?>
<!-- Generated by org.testng.reporters.JUnitReportReporter -->
<testsuite skipped="0" hostname="DESKTOP-0FJT81L" name="com.pob1.qa.testcases.Page4Test" tests="3" failures="0" timestamp="03 Jul 2019 05:11:17 GMT" time="25.725" errors="0">
  <testcase name="EnvironmentalButtonDisplayedTest" time="6.629" classname="com.pob1.qa.testcases.Page4Test"/>
  <testcase name="EnvironmentalButtonEnabledTest" time="8.885" classname="com.pob1.qa.testcases.Page4Test"/>
  <testcase name="EnvironmentalButtonNextPageTest" time="10.211" classname="com.pob1.qa.testcases.Page4Test"/>
</testsuite> <!-- com.pob1.qa.testcases.Page4Test -->
