<?xml version="1.0" encoding="UTF-8"?>
<!-- Generated by org.testng.reporters.JUnitReportReporter -->
<testsuite skipped="0" hostname="DESKTOP-0FJT81L" name="com.pob1.qa.testcases.Page2Test" tests="4" failures="0" timestamp="03 Jul 2019 05:31:10 GMT" time="23.874" errors="0">
  <testcase name="page2headerButtonDisplayedTest" time="6.967" classname="com.pob1.qa.testcases.Page2Test"/>
  <testcase name="page2headerButtonEnabledTest" time="5.396" classname="com.pob1.qa.testcases.Page2Test"/>
  <testcase name="page2GetTitleTest" time="5.455" classname="com.pob1.qa.testcases.Page2Test"/>
  <testcase name="page2continueNextPageTest" time="6.056" classname="com.pob1.qa.testcases.Page2Test"/>
</testsuite> <!-- com.pob1.qa.testcases.Page2Test -->
